Copyright 1986-2022 Xilinx, Inc. All Rights Reserved.
--------------------------------------------------------------------------------------------------------------------------------------------------------------
| Tool Version : Vivado v.2022.1 (lin64) Build 3526262 Mon Apr 18 15:47:01 MDT 2022
| Date         : Mon Nov 25 22:07:59 2024
| Host         : fedora running 64-bit Fedora Linux 41 (Workstation Edition)
| Command      : report_methodology -file mini_alu_methodology_drc_routed.rpt -pb mini_alu_methodology_drc_routed.pb -rpx mini_alu_methodology_drc_routed.rpx
| Design       : mini_alu
| Device       : xc7z020clg400-3
| Speed File   : -3
| Design State : Fully Routed
--------------------------------------------------------------------------------------------------------------------------------------------------------------

Report Methodology

Table of Contents
-----------------
1. REPORT SUMMARY
2. REPORT DETAILS

1. REPORT SUMMARY
-----------------
            Netlist: netlist
          Floorplan: checkpoint_mini_alu
      Design limits: <entire design considered>
             Max violations: <unlimited>
             Violations found: 0
+------+----------+-------------+------------+
| Rule | Severity | Description | Violations |
+------+----------+-------------+------------+
+------+----------+-------------+------------+

2. REPORT DETAILS
-----------------

